android/app/build/outputs/mapping/release/seeds.txt
com.volopayassignment.newarchitecture.components.MainComponentsRegistry
com.volopayassignment.MainApplication
com.volopayassignment.newarchitecture.modules.MainApplicationTurboModuleManagerDelegate
com.volopayassignment.MainActivity
com.volopayassignment.newarchitecture.components.MainComponentsRegistry: com.facebook.jni.HybridData mHybridData
com.volopayassignment.newarchitecture.modules.MainApplicationTurboModuleManagerDelegate: boolean canCreateTurboModule(java.lang.String)
com.volopayassignment.MainActivity: MainActivity()
com.volopayassignment.MainApplication: MainApplication()
com.volopayassignment.newarchitecture.components.MainComponentsRegistry: com.facebook.jni.HybridData initHybrid(com.facebook.react.fabric.ComponentFactory)
com.volopayassignment.newarchitecture.components.MainComponentsRegistry: com.volopayassignment.newarchitecture.components.MainComponentsRegistry register(com.facebook.react.fabric.ComponentFactory)
com.volopayassignment.newarchitecture.components.MainComponentsRegistry: MainComponentsRegistry(com.facebook.react.fabric.ComponentFactory)
com.volopayassignment.newarchitecture.modules.MainApplicationTurboModuleManagerDelegate: com.facebook.jni.HybridData initHybrid()
...
androidx.appcompat.widget.AppCompatAutoCompleteTextView: android.content.res.ColorStateList getSupportBackgroundTintList()
com.facebook.react.views.image.ReactImageManager: void setLoadHandlersRegistered(com.facebook.react.views.image.ReactImageView,boolean)
com.facebook.react.uimanager.ViewManager: java.util.Map getCommandsMap()
com.facebook.react.modules.debug.DevSettingsModule: void reloadWithReason(java.lang.String)
com.facebook.react.bridge.JavaMethodWrapper$1: java.lang.Object extractArgument(com.facebook.react.bridge.JSInstance,com.facebook.react.bridge.ReadableArray,int)
com.facebook.fbreact.specs.NativeLinkingManagerSpec: void getInitialURL(com.facebook.react.bridge.Promise)
com.facebook.react.fabric.FabricUIManager: void onHostResume()
com.facebook.react.views.scroll.ReactScrollView: void setRemoveClippedSubviews(boolean)
com.facebook.react.views.slider.ReactSliderManager: void setTrackImage(android.view.View,com.facebook.react.bridge.ReadableMap)
com.facebook.react.modules.deviceinfo.DeviceInfoModule: java.lang.String getName()
com.facebook.react.bridge.JavaScriptExecutor: void close()
com.facebook.react.bridge.PromiseImpl: void reject(java.lang.String,com.facebook.react.bridge.WritableMap)
com.facebook.react.bridge.CatalystInstance: void initialize()
com.facebook.react.bridge.CatalystInstanceImpl: void jniSetSourceURL(java.lang.String)
com.facebook.webpsupport.WebpBitmapFactoryImpl: android.graphics.Bitmap originalDecodeFileDescriptor(java.io.FileDescriptor,android.graphics.Rect,android.graphics.BitmapFactory$Options)
com.facebook.fbreact.specs.NativeLinkingManagerSpec: void addListener(java.lang.String)
com.facebook.fbreact.specs.NativeRedBoxSpec: void setExtraData(com.facebook.react.bridge.ReadableMap,java.lang.String)
com.facebook.react.views.text.frescosupport.FrescoBasedReactTextInlineImageViewManager: com.facebook.react.uimanager.ReactShadowNode createShadowNodeInstance()
com.facebook.soloader.SysUtil$MarshmallowSysdeps: boolean is64Bit()
com.facebook.react.modules.accessibilityinfo.AccessibilityInfoModule: void setAccessibilityFocus(double)
androidx.appcompat.widget.AppCompatSpinner: android.content.Context getPopupContext()
com.facebook.fbreact.specs.NativeWebSocketModuleSpec: void connect(java.lang.String,com.facebook.react.bridge.ReadableArray,com.facebook.react.bridge.ReadableMap,double)
com.facebook.react.modules.network.NetworkingModule: void removeListeners(double)
com.facebook.fbreact.specs.NativeAppStateSpec: java.util.Map getTypedExportedConstants()
com.facebook.react.bridge.CatalystInstanceImpl: com.facebook.react.bridge.RuntimeExecutor getRuntimeExecutor()
com.facebook.react.modules.fresco.FrescoModule: com.facebook.imagepipeline.core.ImagePipelineConfig getDefaultConfig(com.facebook.react.bridge.ReactContext)
com.facebook.react.views.swiperefresh.SwipeRefreshLayoutManager: void addEventEmitters(com.facebook.react.uimanager.ThemedReactContext,android.view.View)
androidx.vectordrawable.graphics.drawable.VectorDrawableCompat$VFullPath: int getFillColor()
com.facebook.react.fabric.FabricUIManager: long measure(int,java.lang.String,com.facebook.react.bridge.ReadableMap,com.facebook.react.bridge.ReadableMap,com.facebook.react.bridge.ReadableMap,float,float,float,float,float[])
com.facebook.react.bridge.Dynamic: java.lang.String asString()
com.facebook.react.views.drawer.ReactDrawerLayoutManager: void receiveCommand(android.view.View,java.lang.String,com.facebook.react.bridge.ReadableArray)
com.facebook.react.uimanager.UIManagerModule: void receiveEvent(int,int,java.lang.String,com.facebook.react.bridge.WritableMap)
com.facebook.react.bridge.queue.MessageQueueThreadImpl$4: MessageQueueThreadImpl$4(com.facebook.react.common.futures.SimpleSettableFuture)
okhttp3.internal.publicsuffix.PublicSuffixDatabase: PublicSuffixDatabase()
com.facebook.react.views.text.ReactBaseTextShadowNode: void setAdjustFontSizeToFit(boolean)
com.facebook.yoga.YogaNative: void jni_YGNodeStyleSetFlexWrapJNI(long,int)