android/app/build/outputs/mapping/release/mapping.txt
# compiler: R8
# compiler_version: 3.0.76
# min_api: 21
# pg_map_id: f2eb9e8
# common_typos_disable
com.volopayassignment.MainActivity -> com.volopayassignment.MainActivity:
    com.facebook.react.ReactActivityDelegate createReactActivityDelegate() -> C
    java.lang.String getMainComponentName() -> D
com.volopayassignment.MainActivity$MainActivityDelegate -> com.volopayassignment.MainActivity$a:
    com.facebook.react.ReactRootView createRootView() -> c
com.volopayassignment.MainApplication -> com.volopayassignment.MainApplication:
    com.facebook.react.ReactNativeHost mReactNativeHost -> b
    com.facebook.react.ReactNativeHost getReactNativeHost() -> a
    void initializeFlipper(android.content.Context,com.facebook.react.ReactInstanceManager) -> b
com.volopayassignment.MainApplication$1 -> com.volopayassignment.MainApplication$a:
    java.lang.String getJSMainModuleName() -> f
    java.util.List getPackages() -> h
    boolean getUseDeveloperSupport() -> o
com.volopayassignment.newarchitecture.MainApplicationReactNativeHost -> a4.a:
    com.facebook.react.bridge.JSIModulePackage getJSIModulePackage() -> e
    java.lang.String getJSMainModuleName() -> f
    java.util.List getPackages() -> h
    com.facebook.react.ReactPackageTurboModuleManagerDelegate$Builder getReactPackageTurboModuleManagerDelegateBuilder() -> j
    boolean getUseDeveloperSupport() -> o
com.volopayassignment.newarchitecture.MainApplicationReactNativeHost$1 -> a4.a$a:
    com.volopayassignment.newarchitecture.MainApplicationReactNativeHost this$0 -> a
com.volopayassignment.newarchitecture.MainApplicationReactNativeHost$1$1 -> a4.a$a$a:
    com.volopayassignment.newarchitecture.MainApplicationReactNativeHost$1 this$1 -> b
    com.facebook.react.bridge.ReactApplicationContext val$reactApplicationContext -> a
com.volopayassignment.newarchitecture.modules.MainApplicationTurboModuleManagerDelegate -> com.volopayassignment.newarchitecture.modules.MainApplicationTurboModuleManagerDelegate:
    boolean sIsSoLibraryLoaded -> d
com.volopayassignment.newarchitecture.modules.MainApplicationTurboModuleManagerDelegate$Builder -> com.volopayassignment.newarchitecture.modules.MainApplicationTurboModuleManagerDelegate$a:
    com.facebook.react.ReactPackageTurboModuleManagerDelegate build(com.facebook.react.bridge.ReactApplicationContext,java.util.List) -> b
    com.volopayassignment.newarchitecture.modules.MainApplicationTurboModuleManagerDelegate build(com.facebook.react.bridge.ReactApplicationContext,java.util.List) -> e
...
com.facebook.common.internal.Throwables -> m0.p:
    java.lang.RuntimeException propagate(java.lang.Throwable) -> a
    void propagateIfInstanceOf(java.lang.Throwable,java.lang.Class) -> b
    void propagateIfPossible(java.lang.Throwable) -> c
com.facebook.common.logging.FLog -> n0.a:
    com.facebook.common.logging.LoggingDelegate sHandler -> a
    void v(java.lang.Class,java.lang.String,java.lang.Object[]) -> A
    void v(java.lang.String,java.lang.String,java.lang.Object[]) -> B
    void w(java.lang.Class,java.lang.String) -> C
    void w(java.lang.Class,java.lang.String,java.lang.Throwable) -> D
    void w(java.lang.Class,java.lang.String,java.lang.Object[]) -> E
    void w(java.lang.Class,java.lang.Throwable,java.lang.String,java.lang.Object[]) -> F
    void w(java.lang.String,java.lang.String) -> G
    void w(java.lang.String,java.lang.String,java.lang.Throwable) -> H
    void w(java.lang.String,java.lang.String,java.lang.Object[]) -> I
    void wtf(java.lang.Class,java.lang.String,java.lang.Throwable) -> J
    void wtf(java.lang.String,java.lang.String) -> K
    void wtf(java.lang.String,java.lang.String,java.lang.Throwable) -> L
    void wtf(java.lang.String,java.lang.String,java.lang.Object[]) -> M
    void d(java.lang.Class,java.lang.String,java.lang.Object) -> a
    void d(java.lang.String,java.lang.String) -> b
    void d(java.lang.String,java.lang.String,java.lang.Object) -> c
    void d(java.lang.String,java.lang.String,java.lang.Throwable) -> e
    void e(java.lang.Class,java.lang.String) -> f
    void e(java.lang.Class,java.lang.String,java.lang.Throwable) -> g
    void e(java.lang.Class,java.lang.String,java.lang.Object[]) -> h
com.facebook.common.logging.FLogDefaultLoggingDelegate -> n0.b:
    com.facebook.common.logging.FLogDefaultLoggingDelegate sInstance -> c
    java.lang.String mApplicationTag -> a
    int mMinimumLoggingLevel -> b
    void d(java.lang.String,java.lang.String,java.lang.Throwable) -> a
    void wtf(java.lang.String,java.lang.String,java.lang.Throwable) -> b
    void w(java.lang.String,java.lang.String) -> c
    void w(java.lang.String,java.lang.String,java.lang.Throwable) -> d
    boolean isLoggable(int) -> e
    void i(java.lang.String,java.lang.String) -> f
    void e(java.lang.String,java.lang.String) -> g
    void v(java.lang.String,java.lang.String) -> h
    void wtf(java.lang.String,java.lang.String) -> i
    void e(java.lang.String,java.lang.String,java.lang.Throwable) -> j
    void d(java.lang.String,java.lang.String) -> k
    com.facebook.common.logging.FLogDefaultLoggingDelegate getInstance() -> l
    java.lang.String getMsg(java.lang.String,java.lang.Throwable) -> m
    java.lang.String getStackTraceString(java.lang.Throwable) -> n
    java.lang.String prefixTag(java.lang.String) -> o
    void println(int,java.lang.String,java.lang.String) -> p
    void println(int,java.lang.String,java.lang.String,java.lang.Throwable) -> q
com.facebook.common.logging.LoggingDelegate -> n0.c:
    void d(java.lang.String,java.lang.String,java.lang.Throwable) -> a
    void wtf(java.lang.String,java.lang.String,java.lang.Throwable) -> b
    void w(java.lang.String,java.lang.String) -> c
    void w(java.lang.String,java.lang.String,java.lang.Throwable) -> d
    boolean isLoggable(int) -> e
    void i(java.lang.String,java.lang.String) -> f
    void e(java.lang.String,java.lang.String) -> g
    void v(java.lang.String,java.lang.String) -> h
    void wtf(java.lang.String,java.lang.String) -> i
    void e(java.lang.String,java.lang.String,java.lang.Throwable) -> j
    void d(java.lang.String,java.lang.String) -> k
com.facebook.common.media.MediaUtils -> o0.a:
    java.util.Map ADDITIONAL_ALLOWED_MIME_TYPES -> a
    java.lang.String extractExtension(java.lang.String) -> a
    java.lang.String extractMime(java.lang.String) -> b
    boolean isVideo(java.lang.String) -> c