android/app/build/outputs/mapping/release/usage.txt
com.volopayassignment.BuildConfig
com.volopayassignment.R$anim
com.volopayassignment.R$attr
com.volopayassignment.R$bool
com.volopayassignment.R$color
com.volopayassignment.R$dimen
com.volopayassignment.R$drawable
com.volopayassignment.R$id
com.volopayassignment.R$integer
com.volopayassignment.R$layout
com.volopayassignment.R$mipmap
com.volopayassignment.R$string
com.volopayassignment.R$style
com.volopayassignment.R$styleable
com.volopayassignment.R$xml
com.volopayassignment.R
com.volopayassignment.MainApplication$1:
    final synthetic com.volopayassignment.MainApplication this$0
com.volopayassignment.MainApplication:
    private final com.facebook.react.ReactNativeHost mNewArchitectureNativeHost
...
com.facebook.react.R
com.facebook.react.ReactActivity:
    protected final com.facebook.react.ReactInstanceManager getReactInstanceManager()
    protected final com.facebook.react.ReactNativeHost getReactNativeHost()
    protected final void loadApp(java.lang.String)
com.facebook.react.ReactActivityDelegate:
    public void <init>(android.app.Activity,java.lang.String)
com.facebook.react.ReactDelegate:
    public void loadApp()
com.facebook.react.ReactFragment$Builder
com.facebook.react.ReactFragment
com.facebook.react.ReactInstanceManager$2:
    public android.view.View createRootView(java.lang.String)
    public void destroyRootView(android.view.View)
    public android.app.Activity getCurrentActivity()
    public com.facebook.react.bridge.JavaScriptExecutorFactory getJavaScriptExecutorFactory()
    public void onJSBundleLoadedFromServer()
    public void onReloadWithJSDebugger(com.facebook.react.bridge.JavaJSExecutor$Factory)
    public void toggleElementInspector()
com.facebook.react.ReactInstanceManager$ReactInstanceEventListener
com.facebook.react.ReactInstanceManager:
    static synthetic void access$100(com.facebook.react.ReactInstanceManager,com.facebook.react.bridge.JavaJSExecutor$Factory)
    static synthetic void access$300(com.facebook.react.ReactInstanceManager)
    static synthetic android.app.Activity access$400(com.facebook.react.ReactInstanceManager)
    static synthetic com.facebook.react.bridge.JavaScriptExecutorFactory access$500(com.facebook.react.ReactInstanceManager)
    public void addReactInstanceEventListener(com.facebook.react.ReactInstanceEventListener)
    public void destroy()
    private com.facebook.react.bridge.JavaScriptExecutorFactory getJSExecutorFactory()
    public java.lang.String getJsExecutorName()
    public com.facebook.react.common.LifecycleState getLifecycleState()
    public com.facebook.react.MemoryPressureRouter getMemoryPressureRouter()
    public java.util.List getPackages()
    public boolean hasStartedCreatingInitialContext()
    private void logOnDestroy()
    private void onReloadWithJSDebugger(com.facebook.react.bridge.JavaJSExecutor$Factory)
    public void recreateReactContextInBackground()
    public void removeReactInstanceEventListener(com.facebook.react.ReactInstanceEventListener)
    public synchronized void setUseFallbackBundle(boolean)
    private void toggleElementInspector()
com.facebook.react.ReactInstanceManagerBuilder:
    public com.facebook.react.ReactInstanceManagerBuilder addPackages(java.util.List)
    public com.facebook.react.ReactInstanceManagerBuilder setBridgeIdleDebugListener(com.facebook.react.bridge.NotThreadSafeBridgeIdleDebugListener)
    public com.facebook.react.ReactInstanceManagerBuilder setCurrentActivity(android.app.Activity)
    public com.facebook.react.ReactInstanceManagerBuilder setCustomPackagerCommandHandlers(java.util.Map)
    public com.facebook.react.ReactInstanceManagerBuilder setDefaultHardwareBackBtnHandler(com.facebook.react.modules.core.DefaultHardwareBackBtnHandler)
    public com.facebook.react.ReactInstanceManagerBuilder setDevBundleDownloadListener(com.facebook.react.devsupport.interfaces.DevBundleDownloadListener)
    public com.facebook.react.ReactInstanceManagerBuilder setLazyViewManagersEnabled(boolean)
    public com.facebook.react.ReactInstanceManagerBuilder setMinNumShakes(int)
    public com.facebook.react.ReactInstanceManagerBuilder setMinTimeLeftInFrameForNonBatchedOperationMs(int)
    public com.facebook.react.ReactInstanceManagerBuilder setNativeModuleCallExceptionHandler(com.facebook.react.bridge.NativeModuleCallExceptionHandler)
com.facebook.react.ReactNativeHost$1:
    public com.facebook.react.common.SurfaceDelegate createSurfaceDelegate(java.lang.String)
com.facebook.react.ReactNativeHost:
    public void clear()
    protected final android.app.Application getApplication()
com.facebook.react.ReactPackageHelper:
    public void <init>()